<testsuites>
	<testsuite id="0" tests="3" failures="0" errors="0" package="" time="0.001" name="test configmap" timestamp="2025-11-15T23:24:43" hostname="daniel-ms7c37">
		<properties>
			<property name="helm-unittest.version" value="1.6"></property>
		</properties>
		<testcase classname="test configmap" name="should create ConfigMap" time="0.000"></testcase>
		<testcase classname="test configmap" name="should include correct labels" time="0.000"></testcase>
		<testcase classname="test configmap" name="should have data section" time="0.000"></testcase>
	</testsuite>
	<testsuite id="1" tests="8" failures="0" errors="0" package="" time="0.009" name="test deployment" timestamp="2025-11-15T23:24:43" hostname="daniel-ms7c37">
		<properties>
			<property name="helm-unittest.version" value="1.6"></property>
		</properties>
		<testcase classname="test deployment" name="should create deployment with default values" time="0.002"></testcase>
		<testcase classname="test deployment" name="should not set replicas when autoscaling is enabled" time="0.001"></testcase>
		<testcase classname="test deployment" name="should set custom replica count" time="0.001"></testcase>
		<testcase classname="test deployment" name="should use custom image tag" time="0.002"></testcase>
		<testcase classname="test deployment" name="should set resource limits and requests" time="0.001"></testcase>
		<testcase classname="test deployment" name="should include environment variables" time="0.001"></testcase>
		<testcase classname="test deployment" name="should apply custom labels" time="0.001"></testcase>
		<testcase classname="test deployment" name="should apply custom annotations" time="0.001"></testcase>
	</testsuite>
	<testsuite id="2" tests="4" failures="0" errors="0" package="" time="0.002" name="test horizontal pod autoscaler" timestamp="2025-11-15T23:24:43" hostname="daniel-ms7c37">
		<properties>
			<property name="helm-unittest.version" value="1.6"></property>
		</properties>
		<testcase classname="test horizontal pod autoscaler" name="should create HPA when enabled" time="0.000"></testcase>
		<testcase classname="test horizontal pod autoscaler" name="should not create HPA when disabled" time="0.000"></testcase>
		<testcase classname="test horizontal pod autoscaler" name="should use custom min/max replicas" time="0.001"></testcase>
		<testcase classname="test horizontal pod autoscaler" name="should target correct deployment" time="0.000"></testcase>
	</testsuite>
	<testsuite id="3" tests="7" failures="0" errors="0" package="" time="0.003" name="test httproute" timestamp="2025-11-15T23:24:43" hostname="daniel-ms7c37">
		<properties>
			<property name="helm-unittest.version" value="1.6"></property>
		</properties>
		<testcase classname="test httproute" name="should create HTTPRoute when enabled" time="0.000"></testcase>
		<testcase classname="test httproute" name="should not create HTTPRoute when disabled" time="0.000"></testcase>
		<testcase classname="test httproute" name="should include httproute annotations" time="0.001"></testcase>
		<testcase classname="test httproute" name="should include custom httproute labels" time="0.001"></testcase>
		<testcase classname="test httproute" name="should configure gateway reference" time="0.000"></testcase>
		<testcase classname="test httproute" name="should configure hostnames" time="0.000"></testcase>
		<testcase classname="test httproute" name="should configure backend service" time="0.000"></testcase>
	</testsuite>
	<testsuite id="4" tests="3" failures="0" errors="0" package="" time="0.001" name="test network policy" timestamp="2025-11-15T23:24:43" hostname="daniel-ms7c37">
		<properties>
			<property name="helm-unittest.version" value="1.6"></property>
		</properties>
		<testcase classname="test network policy" name="should create NetworkPolicy" time="0.001"></testcase>
		<testcase classname="test network policy" name="should have correct pod selector" time="0.000"></testcase>
		<testcase classname="test network policy" name="should include correct labels" time="0.000"></testcase>
	</testsuite>
	<testsuite id="5" tests="4" failures="0" errors="0" package="" time="0.001" name="test persistent volume claim" timestamp="2025-11-15T23:24:43" hostname="daniel-ms7c37">
		<properties>
			<property name="helm-unittest.version" value="1.6"></property>
		</properties>
		<testcase classname="test persistent volume claim" name="should not create PVC when persistence is disabled" time="0.000"></testcase>
		<testcase classname="test persistent volume claim" name="should create PVC when persistence is enabled" time="0.000"></testcase>
		<testcase classname="test persistent volume claim" name="should use correct capacity" time="0.000"></testcase>
		<testcase classname="test persistent volume claim" name="should have ReadWriteOnce access mode" time="0.000"></testcase>
	</testsuite>
	<testsuite id="6" tests="5" failures="0" errors="0" package="" time="0.002" name="test service" timestamp="2025-11-15T23:24:43" hostname="daniel-ms7c37">
		<properties>
			<property name="helm-unittest.version" value="1.6"></property>
		</properties>
		<testcase classname="test service" name="should create a ClusterIP service by default" time="0.000"></testcase>
		<testcase classname="test service" name="should include custom annotations" time="0.000"></testcase>
		<testcase classname="test service" name="should use custom service port" time="0.000"></testcase>
		<testcase classname="test service" name="should create NodePort service" time="0.000"></testcase>
		<testcase classname="test service" name="should have correct selector labels" time="0.001"></testcase>
	</testsuite>
</testsuites>
